#
# There is insufficient memory for the Java Runtime Environment to continue.
# Native memory allocation (mmap) failed to map 266338304 bytes. Error detail: G1 virtual space
# Possible reasons:
#   The system is out of physical RAM or swap space
#   This process is running with CompressedOops enabled, and the Java Heap may be blocking the growth of the native heap
# Possible solutions:
#   Reduce memory load on the system
#   Increase physical memory or swap space
#   Check if swap backing store is full
#   Decrease Java heap size (-Xmx/-Xms)
#   Decrease number of Java threads
#   Decrease Java thread stack sizes (-Xss)
#   Set larger code cache with -XX:ReservedCodeCacheSize=
#   JVM is running with Zero Based Compressed Oops mode in which the Java heap is
#     placed in the first 32GB address space. The Java Heap base address is the
#     maximum limit for the native heap growth. Please use -XX:HeapBaseMinAddress
#     to set the Java Heap base and to place the Java Heap above 32GB virtual address.
# This output file may be truncated or incomplete.
#
#  Out of Memory Error (os_windows.cpp:3703), pid=18068, tid=8288
#
# JRE version:  (23.0.1+11) (build )
# Java VM: Java HotSpot(TM) 64-Bit Server VM (23.0.1+11-39, mixed mode, sharing, tiered, compressed oops, compressed class ptrs, g1 gc, windows-amd64)
# No core dump will be written. Minidumps are not enabled by default on client versions of Windows
#

---------------  S U M M A R Y ------------

Command Line: -Dfile.encoding=UTF-8 -Dstdout.encoding=UTF-8 -Dstderr.encoding=UTF-8 --module-path=C:\Users\mino1\Downloads\mysql-connector-java-5.1.41-bin.jar -XX:+ShowCodeDetailsInExceptionMessages Gym_project.Main

Host: Intel(R) Core(TM) i5-9300H CPU @ 2.40GHz, 8 cores, 15G,  Windows 11 , 64 bit Build 26100 (10.0.26100.7705)
Time: Wed Jun 17 20:19:12 2026 GTB Daylight Time elapsed time: 0.014048 seconds (0d 0h 0m 0s)

---------------  T H R E A D  ---------------

Current thread (0x000001ad65bf53e0):  JavaThread "Unknown thread" [_thread_in_vm, id=8288, stack(0x0000000941900000,0x0000000941a00000) (1024K)]

Stack: [0x0000000941900000,0x0000000941a00000]
Native frames: (J=compiled Java code, j=interpreted, Vv=VM code, C=native code)
V  [jvm.dll+0x6e08b9]  (no source info available)
V  [jvm.dll+0x87dc83]  (no source info available)
V  [jvm.dll+0x88010e]  (no source info available)
V  [jvm.dll+0x8807e3]  (no source info available)
V  [jvm.dll+0x27aee6]  (no source info available)
V  [jvm.dll+0x6dd1c5]  (no source info available)
V  [jvm.dll+0x6d104a]  (no source info available)
V  [jvm.dll+0x35b3ea]  (no source info available)
V  [jvm.dll+0x3637f6]  (no source info available)
V  [jvm.dll+0x34fd5e]  (no source info available)
V  [jvm.dll+0x34fff8]  (no source info available)
V  [jvm.dll+0x3289cc]  (no source info available)
V  [jvm.dll+0x32966e]  (no source info available)
V  [jvm.dll+0x844355]  (no source info available)
V  [jvm.dll+0x3b9848]  (no source info available)
V  [jvm.dll+0x82d14c]  (no source info available)
V  [jvm.dll+0x454d4e]  (no source info available)
V  [jvm.dll+0x456bd1]  (no source info available)
C  [jli.dll+0x52a3]  (no source info available)
C  [ucrtbase.dll+0x37b0]  (no source info available)
C  [KERNEL32.DLL+0x2e8d7]  (no source info available)
C  [ntdll.dll+0x8c40c]  (no source info available)

Lock stack of current Java thread (top to bottom):


---------------  P R O C E S S  ---------------

Threads class SMR info:
_java_thread_list=0x00007ffb7b423618, length=0, elements={
}

Java Threads: ( => current thread )
Total: 0

Other Threads:
  0x000001ad65c54ec0 WorkerThread "GC Thread#0"                     [id=13372, stack(0x0000000941a00000,0x0000000941b00000) (1024K)]
  0x000001ad65c69c00 ConcurrentGCThread "G1 Main Marker"            [id=14440, stack(0x0000000941b00000,0x0000000941c00000) (1024K)]
  0x000001ad65c6bdd0 WorkerThread "G1 Conc#0"                       [id=20140, stack(0x0000000941c00000,0x0000000941d00000) (1024K)]

[error occurred during error reporting (printing all threads), id 0xc0000005, EXCEPTION_ACCESS_VIOLATION (0xc0000005) at pc=0x00007ffb7ab6bfba]
VM state: not at safepoint (not fully initialized)

VM Mutex/Monitor currently owned by a thread:  ([mutex/lock_event])
[0x00007ffb7b4a3a10] Heap_lock - owner thread: 0x000001ad65bf53e0

Heap address: 0x0000000702600000, size: 4058 MB, Compressed Oops mode: Zero based, Oop shift amount: 3

CDS archive(s) mapped at: [0x0000000000000000-0x0000000000000000-0x0000000000000000), size 0, SharedBaseAddress: 0x0000000800000000, ArchiveRelocationMode: 1.
Narrow klass base: 0x0000000000000000, Narrow klass shift: 0, Narrow klass range: 0x0

GC Precious Log:
 CardTable entry size: 512
 Card Set container configuration: InlinePtr #cards 4 size 8 Array Of Cards #cards 16 size 48 Howl #buckets 8 coarsen threshold 3686 Howl Bitmap #cards 512 size 80 coarsen threshold 460 Card regions per heap region 1 cards per card region 4096

Heap:
 garbage-first heap   total reserved 4155392K, committed 0K, used 0K [0x0000000702600000, 0x0000000800000000)
  region size 2048K, 0 young (0K), 0 survivors (0K)

[error occurred during error reporting (printing heap information), id 0xc0000005, EXCEPTION_ACCESS_VIOLATION (0xc0000005) at pc=0x00007ffb7af6c3c9]
GC Heap History (0 events):
No events

Dll operation events (1 events):
Event: 0.010 Loaded shared library C:\Program Files\Java\jdk-23\bin\java.dll

Deoptimization events (0 events):
No events

Classes loaded (0 events):
No events

Classes unloaded (0 events):
No events

Classes redefined (0 events):
No events

Internal exceptions (0 events):
No events

VM Operations (0 events):
No events

Memory protections (0 events):
No events

Nmethod flushes (0 events):
No events

Events (0 events):
No events


Dynamic libraries:
0x00007ff78be70000 - 0x00007ff78be80000 	C:\Program Files\Java\jdk-23\bin\javaw.exe
0x00007ffc39aa0000 - 0x00007ffc39d08000 	C:\WINDOWS\SYSTEM32\ntdll.dll
0x00007ffc37860000 - 0x00007ffc37929000 	C:\WINDOWS\System32\KERNEL32.DLL
0x00007ffc367d0000 - 0x00007ffc36bc1000 	C:\WINDOWS\System32\KERNELBASE.dll
0x00007ffc365d0000 - 0x00007ffc3671b000 	C:\WINDOWS\System32\ucrtbase.dll
0x00007ffc2f1d0000 - 0x00007ffc2f1eb000 	C:\Program Files\Java\jdk-23\bin\VCRUNTIME140.dll
0x00007ffc32b10000 - 0x00007ffc32b27000 	C:\Program Files\Java\jdk-23\bin\jli.dll
0x00007ffc38390000 - 0x00007ffc38556000 	C:\WINDOWS\System32\USER32.dll
0x00007ffc364f0000 - 0x00007ffc36517000 	C:\WINDOWS\System32\win32u.dll
0x00007ffc35390000 - 0x00007ffc35623000 	C:\WINDOWS\WinSxS\amd64_microsoft.windows.common-controls_6595b64144ccf1df_6.0.26100.7824_none_3e0870b2e3345462\COMCTL32.dll
0x00007ffc37af0000 - 0x00007ffc37b1b000 	C:\WINDOWS\System32\GDI32.dll
0x00007ffc37930000 - 0x00007ffc379d9000 	C:\WINDOWS\System32\msvcrt.dll
0x00007ffc36de0000 - 0x00007ffc36f0b000 	C:\WINDOWS\System32\gdi32full.dll
0x00007ffc36720000 - 0x00007ffc367c3000 	C:\WINDOWS\System32\msvcp_win.dll
0x00007ffc39400000 - 0x00007ffc39431000 	C:\WINDOWS\System32\IMM32.DLL
0x00007ffc2f1c0000 - 0x00007ffc2f1cc000 	C:\Program Files\Java\jdk-23\bin\vcruntime140_1.dll
0x00007ffbfd550000 - 0x00007ffbfd5de000 	C:\Program Files\Java\jdk-23\bin\msvcp140.dll
0x00007ffb7a830000 - 0x00007ffb7b57f000 	C:\Program Files\Java\jdk-23\bin\server\jvm.dll
0x00007ffc39770000 - 0x00007ffc39824000 	C:\WINDOWS\System32\ADVAPI32.dll
0x00007ffc38560000 - 0x00007ffc38606000 	C:\WINDOWS\System32\sechost.dll
0x00007ffc398c0000 - 0x00007ffc399d8000 	C:\WINDOWS\System32\RPCRT4.dll
0x00007ffc39830000 - 0x00007ffc398a4000 	C:\WINDOWS\System32\WS2_32.dll
0x00007ffc1d200000 - 0x00007ffc1d235000 	C:\WINDOWS\SYSTEM32\WINMM.dll
0x00007ffc2ddc0000 - 0x00007ffc2ddcb000 	C:\WINDOWS\SYSTEM32\VERSION.dll
0x00007ffc36200000 - 0x00007ffc3625e000 	C:\WINDOWS\SYSTEM32\POWRPROF.dll
0x00007ffc361e0000 - 0x00007ffc361f4000 	C:\WINDOWS\SYSTEM32\UMPDC.dll
0x00007ffc347b0000 - 0x00007ffc347cb000 	C:\WINDOWS\SYSTEM32\kernel.appcore.dll
0x00007ffc2f1b0000 - 0x00007ffc2f1ba000 	C:\Program Files\Java\jdk-23\bin\jimage.dll
0x00007ffc35b30000 - 0x00007ffc35d72000 	C:\WINDOWS\SYSTEM32\DBGHELP.DLL
0x00007ffc39060000 - 0x00007ffc393e6000 	C:\WINDOWS\System32\combase.dll
0x00007ffc38610000 - 0x00007ffc386e7000 	C:\WINDOWS\System32\OLEAUT32.dll
0x00007ffc35a20000 - 0x00007ffc35a5b000 	C:\WINDOWS\SYSTEM32\dbgcore.DLL
0x00007ffc36520000 - 0x00007ffc365c5000 	C:\WINDOWS\System32\bcryptPrimitives.dll
0x00007ffc2f190000 - 0x00007ffc2f1ae000 	C:\Program Files\Java\jdk-23\bin\java.dll
0x00007ffc386f0000 - 0x00007ffc38887000 	C:\WINDOWS\System32\ole32.dll
0x00007ffc38890000 - 0x00007ffc38fe2000 	C:\WINDOWS\System32\SHELL32.dll
0x00007ffc36380000 - 0x00007ffc364ea000 	C:\WINDOWS\System32\wintypes.dll

dbghelp: loaded successfully - version: 4.0.5 - missing functions: none
symbol engine: initialized successfully - sym options: 0x614 - pdb path: .;C:\Program Files\Java\jdk-23\bin;C:\WINDOWS\SYSTEM32;C:\WINDOWS\WinSxS\amd64_microsoft.windows.common-controls_6595b64144ccf1df_6.0.26100.7824_none_3e0870b2e3345462;C:\Program Files\Java\jdk-23\bin\server

VM Arguments:
jvm_args: -Dfile.encoding=UTF-8 -Dstdout.encoding=UTF-8 -Dstderr.encoding=UTF-8 --module-path=C:\Users\mino1\Downloads\mysql-connector-java-5.1.41-bin.jar -XX:+ShowCodeDetailsInExceptionMessages 
java_command: Gym_project.Main
java_class_path (initial): C:\Users\mino1\Documents\Oracle SQL Developer Data Modeler\mywork\gym_db\java_code\q1-3\bin
Launcher Type: SUN_STANDARD

[Global flags]
     intx CICompilerCount                          = 4                                         {product} {ergonomic}
     uint ConcGCThreads                            = 2                                         {product} {ergonomic}
     uint G1ConcRefinementThreads                  = 8                                         {product} {ergonomic}
   size_t G1HeapRegionSize                         = 2097152                                   {product} {ergonomic}
   size_t InitialHeapSize                          = 266338304                                 {product} {ergonomic}
   size_t MarkStackSize                            = 4194304                                   {product} {ergonomic}
   size_t MarkStackSizeMax                         = 536870912                                 {product} {ergonomic}
   size_t MaxHeapSize                              = 4255121408                                {product} {ergonomic}
   size_t MinHeapDeltaBytes                        = 2097152                                   {product} {ergonomic}
   size_t MinHeapSize                              = 8388608                                   {product} {ergonomic}
    uintx NonNMethodCodeHeapSize                   = 5832704                                {pd product} {ergonomic}
    uintx NonProfiledCodeHeapSize                  = 122945536                              {pd product} {ergonomic}
    uintx ProfiledCodeHeapSize                     = 122880000                              {pd product} {ergonomic}
    uintx ReservedCodeCacheSize                    = 251658240                              {pd product} {ergonomic}
     bool SegmentedCodeCache                       = true                                      {product} {ergonomic}
     bool ShowCodeDetailsInExceptionMessages       = true                                   {manageable} {command line}
   size_t SoftMaxHeapSize                          = 4255121408                             {manageable} {ergonomic}
     bool UseCompressedOops                        = true                           {product lp64_product} {ergonomic}
     bool UseG1GC                                  = true                                      {product} {ergonomic}
     bool UseLargePagesIndividualAllocation        = false                                  {pd product} {ergonomic}

Logging:
Log output configuration:
 #0: stdout all=warning uptime,level,tags foldmultilines=false
 #1: stderr all=off uptime,level,tags foldmultilines=false

Environment Variables:
JAVA_HOME=C:\Program Files\Microsoft\jdk-21.0.10.7-hotspot\
PATH=C:/Program Files/Microsoft/jdk-21.0.10.7-hotspot/bin/server;C:/Program Files/Microsoft/jdk-21.0.10.7-hotspot/bin;C:\Program Files\Microsoft\jdk-21.0.10.7-hotspot\bin;C:\Program Files\Common Files\Oracle\Java\javapath;C:\Program Files\Eclipse Adoptium\jdk-17.0.14.7-hotspot\bin;C:\Program Files (x86)\Common Files\Intel\Shared Libraries\redist\intel64\compiler;C:\windows\system32;C:\windows;C:\windows\System32\Wbem;C:\windows\System32\WindowsPowerShell\v1.0\;C:\windows\System32\OpenSSH\;C:\Program Files (x86)\NVIDIA Corporation\PhysX\Common;C:\Program Files\NVIDIA Corporation\NVIDIA NvDLISR;C:\WINDOWS\system32;C:\WINDOWS;C:\WINDOWS\System32\Wbem;C:\WINDOWS\System32\WindowsPowerShell\v1.0\;C:\WINDOWS\System32\OpenSSH\;C:\WINDOWS\system32;C:\WINDOWS;C:\WINDOWS\System32\Wbem;C:\WINDOWS\System32\WindowsPowerShell\v1.0\;C:\WINDOWS\System32\OpenSSH\;C:\Program Files\MATLAB\R2025b\bin;C:\Program Files\Docker\Docker\resources\bin;C:\Users\mino1\AppData\Local\nvm;C:\nvm4w\nodejs;C:\Program Files\Git\cmd;C:\Program Files\MySQL\MySQL Shell 8.0\bin\;C:\Users\mino1\AppData\Local\Microsoft\WindowsApps;C:\Users\mino1\AppData\Local\Programs\Microsoft VS Code\bin;C:\Users\mino1\Desktop\gcc\ucrt64\bin;C:\Users\mino1\Desktop\gcc\mingw64\bin;C:\Users\mino1\AppData\Roaming\npm;C:\Program Files\MongoDB\Server\8.0\bin;C:\Users\mino1\AppData\Local\Programs\mongosh\;C:\Users\mino1\Downloads\scrcpy-win64-v3.3.1\scrcpy-win64-v3.3.1;C:\Users\mino1\Scripts;C:\Users\mino1\AppData\Local\Python\bin;C:\Program Files\apache-maven-3.9.13\bin;C:\Users\mino1\AppData\Local\nvm;C:\nvm4w\nodejs;C:\Program Files\MySQL\MySQL Server 8.0\bin;;C:\WINDOWS\System32;
USERNAME=mino1
OS=Windows_NT
PROCESSOR_IDENTIFIER=Intel64 Family 6 Model 158 Stepping 13, GenuineIntel
TMP=C:\Users\mino1\AppData\Local\Temp
TEMP=C:\Users\mino1\AppData\Local\Temp




Periodic native trim disabled

---------------  S Y S T E M  ---------------

OS:
 Windows 11 , 64 bit Build 26100 (10.0.26100.7705)
OS uptime: 6 days 19:41 hours
Hyper-V role detected

CPU: total 8 (initial active 8) (4 cores per cpu, 2 threads per core) family 6 model 158 stepping 13 microcode 0xde, cx8, cmov, fxsr, ht, mmx, 3dnowpref, sse, sse2, sse3, ssse3, sse4.1, sse4.2, popcnt, lzcnt, tsc, tscinvbit, avx, avx2, aes, erms, clmul, bmi1, bmi2, adx, fma, vzeroupper, clflush, clflushopt, hv, rdtscp, f16c
Processor Information for the first 8 processors :
  Max Mhz: 2400, Current Mhz: 2400, Mhz Limit: 2400

Memory: 4k page, system-wide physical 16225M (3539M free)
TotalPageFile size 33855M (AvailPageFile size 124M)
current process WorkingSet (physical memory assigned to process): 13M, peak: 13M
current process commit charge ("private bytes"): 61M, peak: 314M

vm_info: Java HotSpot(TM) 64-Bit Server VM (23.0.1+11-39) for windows-amd64 JRE (23.0.1+11-39), built on 2024-09-30T07:20:43Z with MS VC++ 17.6 (VS2022)

END.
